<?xml version="1.0" encoding="UTF-8"?>
<!-- Generated by org.testng.reporters.JUnitXMLReporter -->
<testsuite hostname="LAPTOP-CED8IJSV" failures="0" tests="6" name="Command line test" time="0.03" errors="0" timestamp="20 Jul 2022 09:02:12 GMT">
  <testcase classname="org.maven_examplepractice.practice.PracticeMaven2Test" name="practiceMaven2Test" time="0.009"/>
  <testcase classname="org.maven_examplepractice.practice.PracticeMaven2Test" name="practiceMaven3Test" time="0.0"/>
  <testcase classname="org.maven_examplepractice.practice.PracticeMaven2Test" name="practiceMavenTest" time="0.001"/>
  <testcase classname="org.maven_examplepractice.practice.PracticeMavenTest" name="practiceMaven2Test" time="0.0"/>
  <testcase classname="org.maven_examplepractice.practice.PracticeMavenTest" name="practiceMaven3Test" time="0.0"/>
  <testcase classname="org.maven_examplepractice.practice.PracticeMavenTest" name="practiceMavenTest" time="0.0"/>
</testsuite> <!-- Command line test -->
