<?xml version="1.0" encoding="UTF-8"?>
<testng-results skipped="0" failed="0" total="6" passed="6">
  <reporter-output>
  </reporter-output>
  <suite name="Command line suite" duration-ms="41" started-at="2022-07-19T09:20:43Z" finished-at="2022-07-19T09:20:43Z">
    <groups>
    </groups>
    <test name="Command line test" duration-ms="41" started-at="2022-07-19T09:20:43Z" finished-at="2022-07-19T09:20:43Z">
      <class name="org.maven_examplepractice.practice.PracticeMavenTest">
        <test-method status="PASS" signature="practiceMaven2Test()[pri:0, instance:org.maven_examplepractice.practice.PracticeMavenTest@6615435c]" name="practiceMaven2Test" duration-ms="1" started-at="2022-07-19T14:50:43Z" finished-at="2022-07-19T14:50:43Z">
          <reporter-output>
          </reporter-output>
        </test-method> <!-- practiceMaven2Test -->
        <test-method status="PASS" signature="practiceMaven3Test()[pri:0, instance:org.maven_examplepractice.practice.PracticeMavenTest@6615435c]" name="practiceMaven3Test" duration-ms="0" started-at="2022-07-19T14:50:43Z" finished-at="2022-07-19T14:50:43Z">
          <reporter-output>
          </reporter-output>
        </test-method> <!-- practiceMaven3Test -->
        <test-method status="PASS" signature="practiceMavenTest()[pri:0, instance:org.maven_examplepractice.practice.PracticeMavenTest@6615435c]" name="practiceMavenTest" duration-ms="1" started-at="2022-07-19T14:50:43Z" finished-at="2022-07-19T14:50:43Z">
          <reporter-output>
          </reporter-output>
        </test-method> <!-- practiceMavenTest -->
      </class> <!-- org.maven_examplepractice.practice.PracticeMavenTest -->
      <class name="org.maven_examplepractice.practice.PracticeMaven2Test">
        <test-method status="PASS" signature="practiceMaven2Test()[pri:0, instance:org.maven_examplepractice.practice.PracticeMaven2Test@15975490]" name="practiceMaven2Test" duration-ms="14" started-at="2022-07-19T14:50:43Z" finished-at="2022-07-19T14:50:43Z">
          <reporter-output>
          </reporter-output>
        </test-method> <!-- practiceMaven2Test -->
        <test-method status="PASS" signature="practiceMaven3Test()[pri:0, instance:org.maven_examplepractice.practice.PracticeMaven2Test@15975490]" name="practiceMaven3Test" duration-ms="0" started-at="2022-07-19T14:50:43Z" finished-at="2022-07-19T14:50:43Z">
          <reporter-output>
          </reporter-output>
        </test-method> <!-- practiceMaven3Test -->
        <test-method status="PASS" signature="practiceMavenTest()[pri:0, instance:org.maven_examplepractice.practice.PracticeMaven2Test@15975490]" name="practiceMavenTest" duration-ms="1" started-at="2022-07-19T14:50:43Z" finished-at="2022-07-19T14:50:43Z">
          <reporter-output>
          </reporter-output>
        </test-method> <!-- practiceMavenTest -->
      </class> <!-- org.maven_examplepractice.practice.PracticeMaven2Test -->
    </test> <!-- Command line test -->
  </suite> <!-- Command line suite -->
</testng-results>
